16:02:39[main] INFO  uiLogger - Starting test method: getAllUsers
16:02:39[main] ERROR uiLogger - An unexpected error occurred: HTTP method not supported.
java.lang.UnsupportedOperationException: HTTP method not supported.
	at api.ApiClient.sendRequest(ApiClient.java:43) ~[classes/:?]
	at apiTest.GetRequestTest.getAllUsers(GetRequestTest.java:40) [test-classes/:?]
	at java.base/jdk.internal.reflect.DirectMethodHandleAccessor.invoke(DirectMethodHandleAccessor.java:104) ~[?:?]
	at java.base/java.lang.reflect.Method.invoke(Method.java:578) ~[?:?]
	at org.testng.internal.invokers.MethodInvocationHelper.invokeMethod(MethodInvocationHelper.java:141) [testng-7.10.2.jar:7.10.2]
	at org.testng.internal.invokers.TestInvoker.invokeMethod(TestInvoker.java:686) [testng-7.10.2.jar:7.10.2]
	at org.testng.internal.invokers.TestInvoker.invokeTestMethod(TestInvoker.java:230) [testng-7.10.2.jar:7.10.2]
	at org.testng.internal.invokers.MethodRunner.runInSequence(MethodRunner.java:63) [testng-7.10.2.jar:7.10.2]
	at org.testng.internal.invokers.TestInvoker$MethodInvocationAgent.invoke(TestInvoker.java:992) [testng-7.10.2.jar:7.10.2]
	at org.testng.internal.invokers.TestInvoker.invokeTestMethods(TestInvoker.java:203) [testng-7.10.2.jar:7.10.2]
	at org.testng.internal.invokers.TestMethodWorker.invokeTestMethods(TestMethodWorker.java:154) [testng-7.10.2.jar:7.10.2]
	at org.testng.internal.invokers.TestMethodWorker.run(TestMethodWorker.java:134) [testng-7.10.2.jar:7.10.2]
	at java.base/java.util.ArrayList.forEach(ArrayList.java:1511) [?:?]
	at org.testng.TestRunner.privateRun(TestRunner.java:739) [testng-7.10.2.jar:7.10.2]
	at org.testng.TestRunner.run(TestRunner.java:614) [testng-7.10.2.jar:7.10.2]
	at org.testng.SuiteRunner.runTest(SuiteRunner.java:421) [testng-7.10.2.jar:7.10.2]
	at org.testng.SuiteRunner.runSequentially(SuiteRunner.java:413) [testng-7.10.2.jar:7.10.2]
	at org.testng.SuiteRunner.privateRun(SuiteRunner.java:373) [testng-7.10.2.jar:7.10.2]
	at org.testng.SuiteRunner.run(SuiteRunner.java:312) [testng-7.10.2.jar:7.10.2]
	at org.testng.SuiteRunnerWorker.runSuite(SuiteRunnerWorker.java:52) [testng-7.10.2.jar:7.10.2]
	at org.testng.SuiteRunnerWorker.run(SuiteRunnerWorker.java:95) [testng-7.10.2.jar:7.10.2]
	at org.testng.TestNG.runSuitesSequentially(TestNG.java:1274) [testng-7.10.2.jar:7.10.2]
	at org.testng.TestNG.runSuitesLocally(TestNG.java:1208) [testng-7.10.2.jar:7.10.2]
	at org.testng.TestNG.runSuites(TestNG.java:1112) [testng-7.10.2.jar:7.10.2]
	at org.testng.TestNG.run(TestNG.java:1079) [testng-7.10.2.jar:7.10.2]
	at org.testng.remote.AbstractRemoteTestNG.run(AbstractRemoteTestNG.java:115) [testng-remote.jar:?]
	at org.testng.remote.RemoteTestNG.initAndRun(RemoteTestNG.java:293) [testng-remote.jar:?]
	at org.testng.remote.RemoteTestNG.main(RemoteTestNG.java:91) [testng-remote.jar:?]
16:02:39[main] ERROR uiLogger - Test method failed: getAllUsers
16:02:39[main] INFO  uiLogger - Starting test method: getSingleUser
16:02:42[main] INFO  uiLogger - Running test method: getSingleUser
16:02:42[main] INFO  uiLogger - *** Response Status Code ***: 200
16:02:42[main] INFO  uiLogger - *** Response Body ***: {
    "id": 1,
    "firstName": "Emily",
    "lastName": "Johnson",
    "maidenName": "Smith",
    "age": 28,
    "gender": "female",
    "email": "emily.johnson@x.dummyjson.com",
    "phone": "+81 965-431-3024",
    "username": "emilys",
    "password": "emilyspass",
    "birthDate": "1996-5-30",
    "image": "https://dummyjson.com/icon/emilys/128",
    "bloodGroup": "O-",
    "height": 193.24,
    "weight": 63.16,
    "eyeColor": "Green",
    "hair": {
        "color": "Brown",
        "type": "Curly"
    },
    "ip": "42.48.100.32",
    "address": {
        "address": "626 Main Street",
        "city": "Phoenix",
        "state": "Mississippi",
        "stateCode": "MS",
        "postalCode": "29112",
        "coordinates": {
            "lat": -77.16213,
            "lng": -92.084824
        },
        "country": "United States"
    },
    "macAddress": "47:fa:41:18:ec:eb",
    "university": "University of Wisconsin--Madison",
    "bank": {
        "cardExpire": "03/26",
        "cardNumber": "9289760655481815",
        "cardType": "Elo",
        "currency": "CNY",
        "iban": "YPUXISOBI7TTHPK2BR3HAIXL"
    },
    "company": {
        "department": "Engineering",
        "name": "Dooley, Kozey and Cronin",
        "title": "Sales Manager",
        "address": {
            "address": "263 Tenth Street",
            "city": "San Francisco",
            "state": "Wisconsin",
            "stateCode": "WI",
            "postalCode": "37657",
            "coordinates": {
                "lat": 71.814525,
                "lng": -161.150263
            },
            "country": "United States"
        }
    },
    "ein": "977-175",
    "ssn": "900-590-289",
    "userAgent": "Mozilla/5.0 (Macintosh; Intel Mac OS X 10_15_7) AppleWebKit/537.36 (KHTML, like Gecko) Chrome/96.0.4664.93 Safari/537.36",
    "crypto": {
        "coin": "Bitcoin",
        "wallet": "0xb9fc2fe63b2a6c003f1c324c3bfa53259162181a",
        "network": "Ethereum (ERC20)"
    },
    "role": "admin"
}
16:02:42[main] INFO  uiLogger - *** Response Headers ***: Server=Cowboy
Report-To={"group":"heroku-nel","max_age":3600,"endpoints":[{"url":"https://nel.heroku.com/reports?ts=1723717962&sid=e11707d5-02a7-43ef-b45e-2cf4d2036f7d&s=iSyKzvK8Cmjura5FByPGwXTeCnwQ%2BrOF8CaVu0AMRNA%3D"}]}
Reporting-Endpoints=heroku-nel=https://nel.heroku.com/reports?ts=1723717962&sid=e11707d5-02a7-43ef-b45e-2cf4d2036f7d&s=iSyKzvK8Cmjura5FByPGwXTeCnwQ%2BrOF8CaVu0AMRNA%3D
Nel={"report_to":"heroku-nel","max_age":3600,"success_fraction":0.005,"failure_fraction":0.05,"response_headers":["Via"]}
Connection=keep-alive
Access-Control-Allow-Origin=*
X-Dns-Prefetch-Control=off
X-Frame-Options=SAMEORIGIN
Strict-Transport-Security=max-age=15552000; includeSubDomains
X-Download-Options=noopen
X-Content-Type-Options=nosniff
X-Xss-Protection=1; mode=block
X-Ratelimit-Limit=100
X-Ratelimit-Remaining=99
Date=Thu, 15 Aug 2024 10:32:42 GMT
X-Ratelimit-Reset=1723717971
Content-Type=application/json; charset=utf-8
Etag=W/"57b-eBF3JfwanM/U4Wy609CPdIf9zRA"
Vary=Accept-Encoding
Content-Encoding=gzip
Transfer-Encoding=chunked
Via=1.1 vegur
16:02:42[main] INFO  uiLogger - Test method passed: getSingleUser
16:02:42[main] INFO  uiLogger - Starting test method: LoginUserToken
16:02:42[main] INFO  uiLogger - Test method passed: LoginUserToken
